INFO [2019-03-07 17:59:20] [[1]]
INFO [2019-03-07 17:59:20] list.to.venn
INFO [2019-03-07 17:59:20] 
INFO [2019-03-07 17:59:20] $filename
INFO [2019-03-07 17:59:20] NULL
INFO [2019-03-07 17:59:20] 
INFO [2019-03-07 17:59:20] $alpha
INFO [2019-03-07 17:59:20] c(0.5, 0.5)
INFO [2019-03-07 17:59:20] 
INFO [2019-03-07 17:59:20] $cex
INFO [2019-03-07 17:59:20] [1] 2
INFO [2019-03-07 17:59:20] 
INFO [2019-03-07 17:59:20] $cat.fontface
INFO [2019-03-07 17:59:20] [1] 4
INFO [2019-03-07 17:59:20] 
INFO [2019-03-07 17:59:20] $category.names
INFO [2019-03-07 17:59:20] names(list.to.venn)
INFO [2019-03-07 17:59:20] 
INFO [2019-03-07 17:59:20] $fill
INFO [2019-03-07 17:59:20] c("red", "darkblue")
INFO [2019-03-07 17:59:20] 
INFO [2019-03-07 17:59:20] $main
INFO [2019-03-07 17:59:20] [1] "Common target genes"
INFO [2019-03-07 17:59:20] 
