INFO [2019-03-07 17:57:04] [[1]]
INFO [2019-03-07 17:57:04] list.to.venn
INFO [2019-03-07 17:57:04] 
INFO [2019-03-07 17:57:04] $filename
INFO [2019-03-07 17:57:04] NULL
INFO [2019-03-07 17:57:04] 
INFO [2019-03-07 17:57:04] $alpha
INFO [2019-03-07 17:57:04] c(0.5, 0.5)
INFO [2019-03-07 17:57:04] 
INFO [2019-03-07 17:57:04] $cex
INFO [2019-03-07 17:57:04] [1] 2
INFO [2019-03-07 17:57:04] 
INFO [2019-03-07 17:57:04] $cat.fontface
INFO [2019-03-07 17:57:04] [1] 4
INFO [2019-03-07 17:57:04] 
INFO [2019-03-07 17:57:04] $category.names
INFO [2019-03-07 17:57:04] names(list.to.venn)
INFO [2019-03-07 17:57:04] 
INFO [2019-03-07 17:57:04] $main
INFO [2019-03-07 17:57:04] [1] "Random Gene Lists"
INFO [2019-03-07 17:57:04] 
