INFO [2019-03-08 12:21:04] [[1]]
INFO [2019-03-08 12:21:04] venn.list
INFO [2019-03-08 12:21:04] 
INFO [2019-03-08 12:21:04] $filename
INFO [2019-03-08 12:21:04] NULL
INFO [2019-03-08 12:21:04] 
INFO [2019-03-08 12:21:04] $alpha
INFO [2019-03-08 12:21:04] c(0.5, 0.5)
INFO [2019-03-08 12:21:04] 
INFO [2019-03-08 12:21:04] $cex
INFO [2019-03-08 12:21:04] [1] 2
INFO [2019-03-08 12:21:04] 
INFO [2019-03-08 12:21:04] $cat.fontface
INFO [2019-03-08 12:21:04] [1] 4
INFO [2019-03-08 12:21:04] 
INFO [2019-03-08 12:21:04] $category.names
INFO [2019-03-08 12:21:04] c("Hola", "Adios")
INFO [2019-03-08 12:21:04] 
INFO [2019-03-08 12:21:04] $fill
INFO [2019-03-08 12:21:04] c("red", "darkblue")
INFO [2019-03-08 12:21:04] 
INFO [2019-03-08 12:21:04] $main
INFO [2019-03-08 12:21:04] [1] "Common target genes"
INFO [2019-03-08 12:21:04] 
INFO [2019-03-08 12:21:04] $main.cex
INFO [2019-03-08 12:21:04] [1] 2
INFO [2019-03-08 12:21:04] 
