INFO [2019-03-07 18:36:41] [[1]]
INFO [2019-03-07 18:36:41] venn.list
INFO [2019-03-07 18:36:41] 
INFO [2019-03-07 18:36:41] $filename
INFO [2019-03-07 18:36:41] NULL
INFO [2019-03-07 18:36:41] 
INFO [2019-03-07 18:36:41] $alpha
INFO [2019-03-07 18:36:41] c(0.5, 0.5)
INFO [2019-03-07 18:36:41] 
INFO [2019-03-07 18:36:41] $cex
INFO [2019-03-07 18:36:41] [1] 2
INFO [2019-03-07 18:36:41] 
INFO [2019-03-07 18:36:41] $cat.fontface
INFO [2019-03-07 18:36:41] [1] 4
INFO [2019-03-07 18:36:41] 
INFO [2019-03-07 18:36:41] $category.names
INFO [2019-03-07 18:36:41] names(list.to.venn)
INFO [2019-03-07 18:36:41] 
INFO [2019-03-07 18:36:41] $fill
INFO [2019-03-07 18:36:41] c("red", "darkblue")
INFO [2019-03-07 18:36:41] 
INFO [2019-03-07 18:36:41] $main
INFO [2019-03-07 18:36:41] [1] "Common target genes"
INFO [2019-03-07 18:36:41] 
