INFO [2019-03-07 18:59:09] [[1]]
INFO [2019-03-07 18:59:09] venn.list
INFO [2019-03-07 18:59:09] 
INFO [2019-03-07 18:59:09] $filename
INFO [2019-03-07 18:59:09] NULL
INFO [2019-03-07 18:59:09] 
INFO [2019-03-07 18:59:09] $alpha
INFO [2019-03-07 18:59:09] c(0.5, 0.5)
INFO [2019-03-07 18:59:09] 
INFO [2019-03-07 18:59:09] $cex
INFO [2019-03-07 18:59:09] [1] 2
INFO [2019-03-07 18:59:09] 
INFO [2019-03-07 18:59:09] $cat.fontface
INFO [2019-03-07 18:59:09] [1] 4
INFO [2019-03-07 18:59:09] 
INFO [2019-03-07 18:59:09] $category.names
INFO [2019-03-07 18:59:09] names(list.to.venn)
INFO [2019-03-07 18:59:09] 
INFO [2019-03-07 18:59:09] $fill
INFO [2019-03-07 18:59:09] c("red", "darkblue")
INFO [2019-03-07 18:59:09] 
INFO [2019-03-07 18:59:09] $main
INFO [2019-03-07 18:59:09] [1] "Common target genes"
INFO [2019-03-07 18:59:09] 
INFO [2019-03-07 18:59:09] $main.cex
INFO [2019-03-07 18:59:09] [1] 2
INFO [2019-03-07 18:59:09] 
ERROR [2019-03-07 18:59:09] Unexpected parameter length for 'category'
