INFO [2019-03-08 12:12:24] [[1]]
INFO [2019-03-08 12:12:24] venn.list
INFO [2019-03-08 12:12:24] 
INFO [2019-03-08 12:12:24] $filename
INFO [2019-03-08 12:12:24] NULL
INFO [2019-03-08 12:12:24] 
INFO [2019-03-08 12:12:24] $alpha
INFO [2019-03-08 12:12:24] c(0.5, 0.5)
INFO [2019-03-08 12:12:24] 
INFO [2019-03-08 12:12:24] $cex
INFO [2019-03-08 12:12:24] [1] 2
INFO [2019-03-08 12:12:24] 
INFO [2019-03-08 12:12:24] $cat.fontface
INFO [2019-03-08 12:12:24] [1] 4
INFO [2019-03-08 12:12:24] 
INFO [2019-03-08 12:12:24] $fill
INFO [2019-03-08 12:12:24] c("red", "darkblue")
INFO [2019-03-08 12:12:24] 
INFO [2019-03-08 12:12:24] $main
INFO [2019-03-08 12:12:24] [1] "Common target genes"
INFO [2019-03-08 12:12:24] 
INFO [2019-03-08 12:12:24] $main.cex
INFO [2019-03-08 12:12:24] [1] 2
INFO [2019-03-08 12:12:24] 
ERROR [2019-03-08 12:12:24] Unexpected parameter length for 'category'
