INFO [2019-03-08 12:11:05] [[1]]
INFO [2019-03-08 12:11:05] venn.list
INFO [2019-03-08 12:11:05] 
INFO [2019-03-08 12:11:05] $filename
INFO [2019-03-08 12:11:05] NULL
INFO [2019-03-08 12:11:05] 
INFO [2019-03-08 12:11:05] $alpha
INFO [2019-03-08 12:11:05] c(0.5, 0.5)
INFO [2019-03-08 12:11:05] 
INFO [2019-03-08 12:11:05] $cex
INFO [2019-03-08 12:11:05] [1] 2
INFO [2019-03-08 12:11:05] 
INFO [2019-03-08 12:11:05] $cat.fontface
INFO [2019-03-08 12:11:05] [1] 4
INFO [2019-03-08 12:11:05] 
INFO [2019-03-08 12:11:05] $category.names
INFO [2019-03-08 12:11:05] names(list.to.venn)
INFO [2019-03-08 12:11:05] 
INFO [2019-03-08 12:11:05] $fill
INFO [2019-03-08 12:11:05] c("red", "darkblue")
INFO [2019-03-08 12:11:05] 
INFO [2019-03-08 12:11:05] $main
INFO [2019-03-08 12:11:05] [1] "Common target genes"
INFO [2019-03-08 12:11:05] 
INFO [2019-03-08 12:11:05] $main.cex
INFO [2019-03-08 12:11:05] [1] 2
INFO [2019-03-08 12:11:05] 
