INFO [2019-03-07 18:28:15] [[1]]
INFO [2019-03-07 18:28:15] venn.list
INFO [2019-03-07 18:28:15] 
INFO [2019-03-07 18:28:15] $filename
INFO [2019-03-07 18:28:15] NULL
INFO [2019-03-07 18:28:15] 
INFO [2019-03-07 18:28:15] $alpha
INFO [2019-03-07 18:28:15] c(0.5, 0.5)
INFO [2019-03-07 18:28:15] 
INFO [2019-03-07 18:28:15] $cex
INFO [2019-03-07 18:28:15] [1] 2
INFO [2019-03-07 18:28:15] 
INFO [2019-03-07 18:28:15] $cat.fontface
INFO [2019-03-07 18:28:15] [1] 4
INFO [2019-03-07 18:28:15] 
INFO [2019-03-07 18:28:15] $category.names
INFO [2019-03-07 18:28:15] names(list.to.venn)
INFO [2019-03-07 18:28:15] 
INFO [2019-03-07 18:28:15] $fill
INFO [2019-03-07 18:28:15] c("red", "darkblue")
INFO [2019-03-07 18:28:15] 
INFO [2019-03-07 18:28:15] $main
INFO [2019-03-07 18:28:15] [1] "Common target genes"
INFO [2019-03-07 18:28:15] 
ERROR [2019-03-07 18:28:15] Unexpected parameter length for 'category'
