INFO [2019-03-07 19:01:56] [[1]]
INFO [2019-03-07 19:01:56] venn.list
INFO [2019-03-07 19:01:56] 
INFO [2019-03-07 19:01:56] $filename
INFO [2019-03-07 19:01:56] NULL
INFO [2019-03-07 19:01:56] 
INFO [2019-03-07 19:01:56] $alpha
INFO [2019-03-07 19:01:56] c(0.5, 0.5)
INFO [2019-03-07 19:01:56] 
INFO [2019-03-07 19:01:56] $cex
INFO [2019-03-07 19:01:56] [1] 2
INFO [2019-03-07 19:01:56] 
INFO [2019-03-07 19:01:56] $cat.fontface
INFO [2019-03-07 19:01:56] [1] 4
INFO [2019-03-07 19:01:56] 
INFO [2019-03-07 19:01:56] $category.names
INFO [2019-03-07 19:01:56] names(list.to.venn)
INFO [2019-03-07 19:01:56] 
INFO [2019-03-07 19:01:56] $fill
INFO [2019-03-07 19:01:56] c("red", "darkblue")
INFO [2019-03-07 19:01:56] 
INFO [2019-03-07 19:01:56] $main
INFO [2019-03-07 19:01:56] [1] "Common target genes"
INFO [2019-03-07 19:01:56] 
INFO [2019-03-07 19:01:56] $main.cex
INFO [2019-03-07 19:01:56] [1] 2
INFO [2019-03-07 19:01:56] 
