INFO [2019-03-07 18:48:30] [[1]]
INFO [2019-03-07 18:48:30] venn.list
INFO [2019-03-07 18:48:30] 
INFO [2019-03-07 18:48:30] $filename
INFO [2019-03-07 18:48:30] NULL
INFO [2019-03-07 18:48:30] 
INFO [2019-03-07 18:48:30] $alpha
INFO [2019-03-07 18:48:30] c(0.5, 0.5)
INFO [2019-03-07 18:48:30] 
INFO [2019-03-07 18:48:30] $cex
INFO [2019-03-07 18:48:30] [1] 2
INFO [2019-03-07 18:48:30] 
INFO [2019-03-07 18:48:30] $cat.fontface
INFO [2019-03-07 18:48:30] [1] 4
INFO [2019-03-07 18:48:30] 
INFO [2019-03-07 18:48:30] $category.names
INFO [2019-03-07 18:48:30] names(list.to.venn)
INFO [2019-03-07 18:48:30] 
INFO [2019-03-07 18:48:30] $fill
INFO [2019-03-07 18:48:30] c("red", "darkblue")
INFO [2019-03-07 18:48:30] 
INFO [2019-03-07 18:48:30] $main
INFO [2019-03-07 18:48:30] [1] "Common target genes"
INFO [2019-03-07 18:48:30] 
