INFO [2019-03-07 18:38:52] [[1]]
INFO [2019-03-07 18:38:52] venn.list
INFO [2019-03-07 18:38:52] 
INFO [2019-03-07 18:38:52] $filename
INFO [2019-03-07 18:38:52] NULL
INFO [2019-03-07 18:38:52] 
INFO [2019-03-07 18:38:52] $alpha
INFO [2019-03-07 18:38:52] c(0.5, 0.5)
INFO [2019-03-07 18:38:52] 
INFO [2019-03-07 18:38:52] $cex
INFO [2019-03-07 18:38:52] [1] 2
INFO [2019-03-07 18:38:52] 
INFO [2019-03-07 18:38:52] $cat.fontface
INFO [2019-03-07 18:38:52] [1] 4
INFO [2019-03-07 18:38:52] 
INFO [2019-03-07 18:38:52] $category.names
INFO [2019-03-07 18:38:52] names(list.to.venn)
INFO [2019-03-07 18:38:52] 
INFO [2019-03-07 18:38:52] $fill
INFO [2019-03-07 18:38:52] c("red", "darkblue")
INFO [2019-03-07 18:38:52] 
INFO [2019-03-07 18:38:52] $main
INFO [2019-03-07 18:38:52] [1] "Common target genes"
INFO [2019-03-07 18:38:52] 
ERROR [2019-03-07 18:38:52] Unexpected parameter length for 'category'
