INFO [2019-03-08 12:19:20] [[1]]
INFO [2019-03-08 12:19:20] venn.list
INFO [2019-03-08 12:19:20] 
INFO [2019-03-08 12:19:20] $filename
INFO [2019-03-08 12:19:20] NULL
INFO [2019-03-08 12:19:20] 
INFO [2019-03-08 12:19:20] $alpha
INFO [2019-03-08 12:19:20] c(0.5, 0.5)
INFO [2019-03-08 12:19:20] 
INFO [2019-03-08 12:19:20] $cex
INFO [2019-03-08 12:19:20] [1] 2
INFO [2019-03-08 12:19:20] 
INFO [2019-03-08 12:19:20] $cat.fontface
INFO [2019-03-08 12:19:20] [1] 4
INFO [2019-03-08 12:19:20] 
INFO [2019-03-08 12:19:20] $category.names
INFO [2019-03-08 12:19:20] names(venn.list)
INFO [2019-03-08 12:19:20] 
INFO [2019-03-08 12:19:20] $fill
INFO [2019-03-08 12:19:20] c("red", "darkblue")
INFO [2019-03-08 12:19:20] 
INFO [2019-03-08 12:19:20] $main
INFO [2019-03-08 12:19:20] [1] "Common target genes"
INFO [2019-03-08 12:19:20] 
INFO [2019-03-08 12:19:20] $main.cex
INFO [2019-03-08 12:19:20] [1] 2
INFO [2019-03-08 12:19:20] 
ERROR [2019-03-08 12:19:20] Unexpected parameter length for 'category'
