INFO [2019-03-07 18:37:21] [[1]]
INFO [2019-03-07 18:37:21] venn.list
INFO [2019-03-07 18:37:21] 
INFO [2019-03-07 18:37:21] $filename
INFO [2019-03-07 18:37:21] NULL
INFO [2019-03-07 18:37:21] 
INFO [2019-03-07 18:37:21] $alpha
INFO [2019-03-07 18:37:21] c(0.5, 0.5)
INFO [2019-03-07 18:37:21] 
INFO [2019-03-07 18:37:21] $cex
INFO [2019-03-07 18:37:21] [1] 2
INFO [2019-03-07 18:37:21] 
INFO [2019-03-07 18:37:21] $cat.fontface
INFO [2019-03-07 18:37:21] [1] 4
INFO [2019-03-07 18:37:21] 
INFO [2019-03-07 18:37:21] $category.names
INFO [2019-03-07 18:37:21] names(list.to.venn)
INFO [2019-03-07 18:37:21] 
INFO [2019-03-07 18:37:21] $fill
INFO [2019-03-07 18:37:21] c("red", "darkblue")
INFO [2019-03-07 18:37:21] 
INFO [2019-03-07 18:37:21] $main
INFO [2019-03-07 18:37:21] [1] "Common target genes"
INFO [2019-03-07 18:37:21] 
ERROR [2019-03-07 18:37:21] Unexpected parameter length for 'category'
