INFO [2019-03-08 12:23:10] [[1]]
INFO [2019-03-08 12:23:10] venn.list
INFO [2019-03-08 12:23:10] 
INFO [2019-03-08 12:23:10] $filename
INFO [2019-03-08 12:23:10] NULL
INFO [2019-03-08 12:23:10] 
INFO [2019-03-08 12:23:10] $alpha
INFO [2019-03-08 12:23:10] c(0.5, 0.5)
INFO [2019-03-08 12:23:10] 
INFO [2019-03-08 12:23:10] $cex
INFO [2019-03-08 12:23:10] [1] 2
INFO [2019-03-08 12:23:10] 
INFO [2019-03-08 12:23:10] $cat.fontface
INFO [2019-03-08 12:23:10] [1] 4
INFO [2019-03-08 12:23:10] 
INFO [2019-03-08 12:23:10] $category.names
INFO [2019-03-08 12:23:10] input$selected.tfs
INFO [2019-03-08 12:23:10] 
INFO [2019-03-08 12:23:10] $fill
INFO [2019-03-08 12:23:10] c("red", "darkblue")
INFO [2019-03-08 12:23:10] 
INFO [2019-03-08 12:23:10] $main
INFO [2019-03-08 12:23:10] [1] "Common target genes"
INFO [2019-03-08 12:23:10] 
INFO [2019-03-08 12:23:10] $main.cex
INFO [2019-03-08 12:23:10] [1] 2
INFO [2019-03-08 12:23:10] 
