INFO [2019-03-07 18:48:59] [[1]]
INFO [2019-03-07 18:48:59] venn.list
INFO [2019-03-07 18:48:59] 
INFO [2019-03-07 18:48:59] $filename
INFO [2019-03-07 18:48:59] NULL
INFO [2019-03-07 18:48:59] 
INFO [2019-03-07 18:48:59] $alpha
INFO [2019-03-07 18:48:59] c(0.5, 0.5)
INFO [2019-03-07 18:48:59] 
INFO [2019-03-07 18:48:59] $cex
INFO [2019-03-07 18:48:59] [1] 2
INFO [2019-03-07 18:48:59] 
INFO [2019-03-07 18:48:59] $cat.fontface
INFO [2019-03-07 18:48:59] [1] 4
INFO [2019-03-07 18:48:59] 
INFO [2019-03-07 18:48:59] $category.names
INFO [2019-03-07 18:48:59] names(list.to.venn)
INFO [2019-03-07 18:48:59] 
INFO [2019-03-07 18:48:59] $fill
INFO [2019-03-07 18:48:59] c("red", "darkblue")
INFO [2019-03-07 18:48:59] 
INFO [2019-03-07 18:48:59] $main
INFO [2019-03-07 18:48:59] [1] "Common target genes"
INFO [2019-03-07 18:48:59] 
