INFO [2019-03-07 18:57:01] [[1]]
INFO [2019-03-07 18:57:01] venn.list
INFO [2019-03-07 18:57:01] 
INFO [2019-03-07 18:57:01] $filename
INFO [2019-03-07 18:57:01] NULL
INFO [2019-03-07 18:57:01] 
INFO [2019-03-07 18:57:01] $alpha
INFO [2019-03-07 18:57:01] c(0.5, 0.5)
INFO [2019-03-07 18:57:01] 
INFO [2019-03-07 18:57:01] $cex
INFO [2019-03-07 18:57:01] [1] 2
INFO [2019-03-07 18:57:01] 
INFO [2019-03-07 18:57:01] $cat.fontface
INFO [2019-03-07 18:57:01] [1] 4
INFO [2019-03-07 18:57:01] 
INFO [2019-03-07 18:57:01] $category.names
INFO [2019-03-07 18:57:01] names(list.to.venn)
INFO [2019-03-07 18:57:01] 
INFO [2019-03-07 18:57:01] $fill
INFO [2019-03-07 18:57:01] c("red", "darkblue")
INFO [2019-03-07 18:57:01] 
INFO [2019-03-07 18:57:01] $main
INFO [2019-03-07 18:57:01] [1] "Common target genes"
INFO [2019-03-07 18:57:01] 
INFO [2019-03-07 18:57:01] $main.cex
INFO [2019-03-07 18:57:01] [1] 2
INFO [2019-03-07 18:57:01] 
ERROR [2019-03-07 18:57:01] Unexpected parameter length for 'category'
