INFO [2019-03-08 12:11:46] [[1]]
INFO [2019-03-08 12:11:46] venn.list
INFO [2019-03-08 12:11:46] 
INFO [2019-03-08 12:11:46] $filename
INFO [2019-03-08 12:11:46] NULL
INFO [2019-03-08 12:11:46] 
INFO [2019-03-08 12:11:46] $alpha
INFO [2019-03-08 12:11:46] c(0.5, 0.5)
INFO [2019-03-08 12:11:46] 
INFO [2019-03-08 12:11:46] $cex
INFO [2019-03-08 12:11:46] [1] 2
INFO [2019-03-08 12:11:46] 
INFO [2019-03-08 12:11:46] $cat.fontface
INFO [2019-03-08 12:11:46] [1] 4
INFO [2019-03-08 12:11:46] 
INFO [2019-03-08 12:11:46] $category.names
INFO [2019-03-08 12:11:46] names(venn.list)
INFO [2019-03-08 12:11:46] 
INFO [2019-03-08 12:11:46] $fill
INFO [2019-03-08 12:11:46] c("red", "darkblue")
INFO [2019-03-08 12:11:46] 
INFO [2019-03-08 12:11:46] $main
INFO [2019-03-08 12:11:46] [1] "Common target genes"
INFO [2019-03-08 12:11:46] 
INFO [2019-03-08 12:11:46] $main.cex
INFO [2019-03-08 12:11:46] [1] 2
INFO [2019-03-08 12:11:46] 
ERROR [2019-03-08 12:11:46] Unexpected parameter length for 'category'
