INFO [2019-03-07 18:25:31] [[1]]
INFO [2019-03-07 18:25:31] venn.list
INFO [2019-03-07 18:25:31] 
INFO [2019-03-07 18:25:31] $filename
INFO [2019-03-07 18:25:31] NULL
INFO [2019-03-07 18:25:31] 
INFO [2019-03-07 18:25:31] $alpha
INFO [2019-03-07 18:25:31] c(0.5, 0.5)
INFO [2019-03-07 18:25:31] 
INFO [2019-03-07 18:25:31] $cex
INFO [2019-03-07 18:25:31] [1] 2
INFO [2019-03-07 18:25:31] 
INFO [2019-03-07 18:25:31] $cat.fontface
INFO [2019-03-07 18:25:31] [1] 4
INFO [2019-03-07 18:25:31] 
INFO [2019-03-07 18:25:31] $category.names
INFO [2019-03-07 18:25:31] names(list.to.venn)
INFO [2019-03-07 18:25:31] 
INFO [2019-03-07 18:25:31] $fill
INFO [2019-03-07 18:25:31] c("red", "darkblue")
INFO [2019-03-07 18:25:31] 
INFO [2019-03-07 18:25:31] $main
INFO [2019-03-07 18:25:31] [1] "Common target genes"
INFO [2019-03-07 18:25:31] 
