INFO [2019-03-07 18:26:48] [[1]]
INFO [2019-03-07 18:26:48] venn.list
INFO [2019-03-07 18:26:48] 
INFO [2019-03-07 18:26:48] $filename
INFO [2019-03-07 18:26:48] NULL
INFO [2019-03-07 18:26:48] 
INFO [2019-03-07 18:26:48] $alpha
INFO [2019-03-07 18:26:48] c(0.5, 0.5)
INFO [2019-03-07 18:26:48] 
INFO [2019-03-07 18:26:48] $cex
INFO [2019-03-07 18:26:48] [1] 2
INFO [2019-03-07 18:26:48] 
INFO [2019-03-07 18:26:48] $cat.fontface
INFO [2019-03-07 18:26:48] [1] 4
INFO [2019-03-07 18:26:48] 
INFO [2019-03-07 18:26:48] $category.names
INFO [2019-03-07 18:26:48] names(list.to.venn)
INFO [2019-03-07 18:26:48] 
INFO [2019-03-07 18:26:48] $fill
INFO [2019-03-07 18:26:48] c("red", "darkblue")
INFO [2019-03-07 18:26:48] 
INFO [2019-03-07 18:26:48] $main
INFO [2019-03-07 18:26:48] [1] "Common target genes"
INFO [2019-03-07 18:26:48] 
