INFO [2019-03-07 18:55:40] [[1]]
INFO [2019-03-07 18:55:40] venn.list
INFO [2019-03-07 18:55:40] 
INFO [2019-03-07 18:55:40] $filename
INFO [2019-03-07 18:55:40] NULL
INFO [2019-03-07 18:55:40] 
INFO [2019-03-07 18:55:40] $alpha
INFO [2019-03-07 18:55:40] c(0.5, 0.5)
INFO [2019-03-07 18:55:40] 
INFO [2019-03-07 18:55:40] $cex
INFO [2019-03-07 18:55:40] [1] 2
INFO [2019-03-07 18:55:40] 
INFO [2019-03-07 18:55:40] $cat.fontface
INFO [2019-03-07 18:55:40] [1] 4
INFO [2019-03-07 18:55:40] 
INFO [2019-03-07 18:55:40] $category.names
INFO [2019-03-07 18:55:40] names(list.to.venn)
INFO [2019-03-07 18:55:40] 
INFO [2019-03-07 18:55:40] $fill
INFO [2019-03-07 18:55:40] c("red", "darkblue")
INFO [2019-03-07 18:55:40] 
INFO [2019-03-07 18:55:40] $main
INFO [2019-03-07 18:55:40] [1] "Common target genes"
INFO [2019-03-07 18:55:40] 
INFO [2019-03-07 18:55:40] $main.cex
INFO [2019-03-07 18:55:40] [1] 2
INFO [2019-03-07 18:55:40] 
ERROR [2019-03-07 18:55:40] Unexpected parameter length for 'category'
