INFO [2019-03-07 18:24:50] [[1]]
INFO [2019-03-07 18:24:50] venn.list
INFO [2019-03-07 18:24:50] 
INFO [2019-03-07 18:24:50] $filename
INFO [2019-03-07 18:24:50] NULL
INFO [2019-03-07 18:24:50] 
INFO [2019-03-07 18:24:50] $alpha
INFO [2019-03-07 18:24:50] c(0.5, 0.5)
INFO [2019-03-07 18:24:50] 
INFO [2019-03-07 18:24:50] $cex
INFO [2019-03-07 18:24:50] [1] 2
INFO [2019-03-07 18:24:50] 
INFO [2019-03-07 18:24:50] $cat.fontface
INFO [2019-03-07 18:24:50] [1] 4
INFO [2019-03-07 18:24:50] 
INFO [2019-03-07 18:24:50] $category.names
INFO [2019-03-07 18:24:50] names(list.to.venn)
INFO [2019-03-07 18:24:50] 
INFO [2019-03-07 18:24:50] $fill
INFO [2019-03-07 18:24:50] c("red", "darkblue")
INFO [2019-03-07 18:24:50] 
INFO [2019-03-07 18:24:50] $main
INFO [2019-03-07 18:24:50] [1] "Common target genes"
INFO [2019-03-07 18:24:50] 
